<?xml version="1.0" encoding="UTF-8"?>
<!-- Generated by org.testng.reporters.JUnitReportReporter -->
<testsuite hostname="pczones-MacBook-Pro.local" failures="0" tests="2" name="tests.ProceedToCheckoutTest" time="7.970" errors="0" timestamp="2020-04-09T12:42:49 CEST" skipped="0">
  <testcase classname="tests.ProceedToCheckoutTest" name="choseDressTest" time="7.935"/>
  <system-out/>
  <testcase classname="tests.ProceedToCheckoutTest" name="checkoutTest" time="0.035"/>
  <system-out/>
</testsuite> <!-- tests.ProceedToCheckoutTest -->
