<?xml version="1.0" encoding="UTF-8"?>
<!-- Generated by org.testng.reporters.JUnitReportReporter -->
<testsuite hostname="pczones-MacBook-Pro.local" failures="0" tests="2" name="tests.RegistrationAfterBuy_Test" time="15.003" errors="0" timestamp="2020-04-11T19:02:08 CEST" skipped="0">
  <testcase classname="tests.RegistrationAfterBuy_Test" name="choseDressTest" time="8.047"/>
  <system-out/>
  <testcase classname="tests.RegistrationAfterBuy_Test" name="registrationAfterBuy" time="6.956"/>
  <system-out/>
</testsuite> <!-- tests.RegistrationAfterBuy_Test -->
