<?xml version="1.0" encoding="UTF-8"?>
<!-- Generated by org.testng.reporters.JUnitReportReporter -->
<testsuite hostname="pczones-MacBook-Pro.local" failures="0" tests="3" name="tests.HomePage_Test" time="7.943" errors="0" timestamp="2020-04-11T19:02:08 CEST" skipped="0">
  <testcase classname="tests.HomePage_Test" name="womenSummerDressesTest" time="4.819"/>
  <system-out/>
  <testcase classname="tests.HomePage_Test" name="dressesSummerDressesTest" time="3.123"/>
  <system-out/>
  <testcase classname="tests.HomePage_Test" name="summerDressesSamePageTest" time="0.001"/>
  <system-out/>
</testsuite> <!-- tests.HomePage_Test -->
