<?xml version="1.0" encoding="UTF-8"?>
<!-- Generated by org.testng.reporters.JUnitReportReporter -->
<testsuite hostname="pczones-MacBook-Pro.local" failures="0" tests="2" name="tests.SummerDress_Test" time="17.529" errors="0" timestamp="2020-04-10T14:44:48 CEST" skipped="0">
  <testcase classname="tests.SummerDress_Test" name="choseDressTest" time="9.627"/>
  <system-out/>
  <testcase classname="tests.SummerDress_Test" name="registrationAfterBuy" time="7.902"/>
  <system-out/>
</testsuite> <!-- tests.SummerDress_Test -->
