<?xml version="1.0" encoding="UTF-8"?>
<!-- Generated by org.testng.reporters.JUnitReportReporter -->
<testsuite hostname="pczones-MacBook-Pro.local" failures="0" tests="2" name="tests.SummerDresses_Test" time="9.040" errors="0" timestamp="2020-04-08T15:07:58 CEST" skipped="0">
  <testcase classname="tests.SummerDresses_Test" name="clickOnDressTest" time="6.145"/>
  <system-out/>
  <testcase classname="tests.SummerDresses_Test" name="checkoutTest" time="2.895"/>
  <system-out/>
</testsuite> <!-- tests.SummerDresses_Test -->
