<?xml version="1.0" encoding="UTF-8"?>
<!-- Generated by org.testng.reporters.JUnitReportReporter -->
<testsuite hostname="pczones-MacBook-Pro.local" failures="0" tests="2" name="tests.SummerDresses_Test" time="10.213" errors="0" timestamp="2020-04-08T20:41:01 CEST" skipped="0">
  <testcase classname="tests.SummerDresses_Test" name="choseDressTest" time="10.189"/>
  <system-out/>
  <testcase classname="tests.SummerDresses_Test" name="checkoutTest" time="0.024"/>
  <system-out/>
</testsuite> <!-- tests.SummerDresses_Test -->
