<?xml version="1.0" encoding="UTF-8"?>
<!-- Generated by org.testng.reporters.JUnitReportReporter -->
<testsuite hostname="pczones-MacBook-Pro.local" failures="0" tests="3" name="tests.HomePage_Test" time="10.463" errors="0" timestamp="2020-04-08T13:23:10 CEST" skipped="0">
  <testcase classname="tests.HomePage_Test" name="womenSummerDressesTest" time="6.660"/>
  <system-out/>
  <testcase classname="tests.HomePage_Test" name="dressesSummerDressesTest" time="3.802"/>
  <system-out/>
  <testcase classname="tests.HomePage_Test" name="summerDressesSamePageTest" time="0.001"/>
  <system-out/>
</testsuite> <!-- tests.HomePage_Test -->
